<?xml version="1.0" encoding="UTF-8"?>
<!-- Generated by org.testng.reporters.JUnitReportReporter -->
<testsuite hostname="RVSKCH131LT" name="com.ad.test.PlayWithCanvasTests" tests="1" failures="0" timestamp="24 Jun 2016 07:02:10 GMT" time="18.356" errors="0">
  <testcase name="LoginTest" time="18.356" classname="com.ad.test.PlayWithCanvasTests"/>
</testsuite> <!-- com.ad.test.PlayWithCanvasTests -->
